INFO - 2023-07-27 01:16:53 --> EntroN
INFO - 2023-07-27 01:20:16 --> EntroN
INFO - 2023-07-27 01:22:10 --> EntroN
ERROR - 2023-07-27 01:22:23 --> mysqli_sql_exception: You have an error in your SQL syntax; check the manual that corresponds to your MariaDB server version for the right syntax to use near '@hotmail.com' at line 1 in D:\xampp\htdocs\appweb\system\Database\MySQLi\Connection.php:295
Stack trace:
#0 D:\xampp\htdocs\appweb\system\Database\MySQLi\Connection.php(295): mysqli->query('SELECT * FROM U...', 0)
#1 D:\xampp\htdocs\appweb\system\Database\BaseConnection.php(692): CodeIgniter\Database\MySQLi\Connection->execute('SELECT * FROM U...')
#2 D:\xampp\htdocs\appweb\system\Database\BaseConnection.php(606): CodeIgniter\Database\BaseConnection->simpleQuery('SELECT * FROM U...')
#3 D:\xampp\htdocs\appweb\app\Models\HomeModel.php(118): CodeIgniter\Database\BaseConnection->query('SELECT * FROM U...')
#4 D:\xampp\htdocs\appweb\app\Controllers\Home.php(126): App\Models\HomeModel->verificar_token('7YHxyjQMADnlHeC...', 'axelx33@hotmail...')
#5 D:\xampp\htdocs\appweb\system\CodeIgniter.php(934): App\Controllers\Home->confirmar_mail()
#6 D:\xampp\htdocs\appweb\system\CodeIgniter.php(499): CodeIgniter\CodeIgniter->runController(Object(App\Controllers\Home))
#7 D:\xampp\htdocs\appweb\system\CodeIgniter.php(368): CodeIgniter\CodeIgniter->handleRequest(NULL, Object(Config\Cache), false)
#8 D:\xampp\htdocs\appweb\public\index.php(67): CodeIgniter\CodeIgniter->run()
#9 {main}
CRITICAL - 2023-07-27 01:22:23 --> You have an error in your SQL syntax; check the manual that corresponds to your MariaDB server version for the right syntax to use near '@hotmail.com' at line 1
in SYSTEMPATH\Database\MySQLi\Connection.php on line 295.
 1 SYSTEMPATH\Database\MySQLi\Connection.php(295): mysqli->query('SELECT * FROM USUARIO WHERE Token=7YHxyjQMADnlHeCxIYkEuE0TnXDjw7Fv AND Email=axelx33@hotmail.com;', 0)
 2 SYSTEMPATH\Database\BaseConnection.php(692): CodeIgniter\Database\MySQLi\Connection->execute('SELECT * FROM USUARIO WHERE Token=7YHxyjQMADnlHeCxIYkEuE0TnXDjw7Fv AND Email=axelx33@hotmail.com;')
 3 SYSTEMPATH\Database\BaseConnection.php(606): CodeIgniter\Database\BaseConnection->simpleQuery('SELECT * FROM USUARIO WHERE Token=7YHxyjQMADnlHeCxIYkEuE0TnXDjw7Fv AND Email=axelx33@hotmail.com;')
 4 APPPATH\Models\HomeModel.php(118): CodeIgniter\Database\BaseConnection->query('SELECT * FROM USUARIO WHERE Token=7YHxyjQMADnlHeCxIYkEuE0TnXDjw7Fv AND Email=axelx33@hotmail.com;')
 5 APPPATH\Controllers\Home.php(126): App\Models\HomeModel->verificar_token('7YHxyjQMADnlHeCxIYkEuE0TnXDjw7Fv', 'axelx33@hotmail.com')
 6 SYSTEMPATH\CodeIgniter.php(934): App\Controllers\Home->confirmar_mail()
 7 SYSTEMPATH\CodeIgniter.php(499): CodeIgniter\CodeIgniter->runController(Object(App\Controllers\Home))
 8 SYSTEMPATH\CodeIgniter.php(368): CodeIgniter\CodeIgniter->handleRequest(null, Object(Config\Cache), false)
 9 FCPATH\index.php(67): CodeIgniter\CodeIgniter->run()
CRITICAL - 2023-07-27 21:45:27 --> Object of class stdClass could not be converted to string
in APPPATH\Models\HomeModel.php on line 95.
 1 APPPATH\Controllers\Home.php(123): App\Models\HomeModel->validar_inicio('lurikoan@gmail.com', '123')
 2 SYSTEMPATH\CodeIgniter.php(934): App\Controllers\Home->iniciar_sesion()
 3 SYSTEMPATH\CodeIgniter.php(499): CodeIgniter\CodeIgniter->runController(Object(App\Controllers\Home))
 4 SYSTEMPATH\CodeIgniter.php(368): CodeIgniter\CodeIgniter->handleRequest(null, Object(Config\Cache), false)
 5 FCPATH\index.php(67): CodeIgniter\CodeIgniter->run()
CRITICAL - 2023-07-27 21:48:03 --> Object of class stdClass could not be converted to string
in APPPATH\Models\HomeModel.php on line 95.
 1 APPPATH\Controllers\Home.php(123): App\Models\HomeModel->validar_inicio('lurikoan@gmail.com', '123')
 2 SYSTEMPATH\CodeIgniter.php(934): App\Controllers\Home->iniciar_sesion()
 3 SYSTEMPATH\CodeIgniter.php(499): CodeIgniter\CodeIgniter->runController(Object(App\Controllers\Home))
 4 SYSTEMPATH\CodeIgniter.php(368): CodeIgniter\CodeIgniter->handleRequest(null, Object(Config\Cache), false)
 5 FCPATH\index.php(67): CodeIgniter\CodeIgniter->run()
INFO - 2023-07-27 22:12:03 --> EntroN
